<?xml version="1.0" encoding="UTF-8"?>
<!-- Generated by org.testng.reporters.JUnitXMLReporter -->
<testsuite ignored="0" hostname="DESKTOP-36KN9IK" failures="0" tests="2" name="Test" time="0.345" errors="0" timestamp="2022-03-01T08:12:59 IST">
  <testcase classname="generic.BaseTest" name="@BeforeMethod openBrowser" time="0.098">
    <failure type="java.io.FileNotFoundException" message=".\data\config.property (The system cannot find the file specified)">
      <![CDATA[java.io.FileNotFoundException: .\data\config.property (The system cannot find the file specified)
at java.base/java.io.FileInputStream.open0(Native Method)
at java.base/java.io.FileInputStream.open(FileInputStream.java:211)
at java.base/java.io.FileInputStream.<init>(FileInputStream.java:153)
at java.base/java.io.FileInputStream.<init>(FileInputStream.java:108)
at generic.Flib.readPropertyData(Flib.java:32)
at generic.BaseTest.openBrowser(BaseTest.java:28)
at java.base/java.util.concurrent.ThreadPoolExecutor.runWorker(ThreadPoolExecutor.java:1130)
at java.base/java.util.concurrent.ThreadPoolExecutor$Worker.run(ThreadPoolExecutor.java:630)
at java.base/java.lang.Thread.run(Thread.java:831)
... Removed 16 stack frames]]>
    </failure>
  </testcase> <!-- @BeforeMethod openBrowser -->
  <testcase classname="generic.BaseTest" name="@BeforeMethod openBrowser" time="0.098">
    <failure type="java.io.FileNotFoundException" message=".\data\config.property (The system cannot find the file specified)">
      <![CDATA[java.io.FileNotFoundException: .\data\config.property (The system cannot find the file specified)
at java.base/java.io.FileInputStream.open0(Native Method)
at java.base/java.io.FileInputStream.open(FileInputStream.java:211)
at java.base/java.io.FileInputStream.<init>(FileInputStream.java:153)
at java.base/java.io.FileInputStream.<init>(FileInputStream.java:108)
at generic.Flib.readPropertyData(Flib.java:32)
at generic.BaseTest.openBrowser(BaseTest.java:28)
at java.base/java.util.concurrent.ThreadPoolExecutor.runWorker(ThreadPoolExecutor.java:1130)
at java.base/java.util.concurrent.ThreadPoolExecutor$Worker.run(ThreadPoolExecutor.java:630)
at java.base/java.lang.Thread.run(Thread.java:831)
... Removed 16 stack frames]]>
    </failure>
  </testcase> <!-- @BeforeMethod openBrowser -->
  <testcase classname="generic.BaseTest" name="@AfterMethod closeBrowser" time="-1.646102579492E9">
    <skipped/>
  </testcase> <!-- @AfterMethod closeBrowser -->
  <testcase classname="generic.BaseTest" name="@AfterMethod closeBrowser" time="-1.646102579494E9">
    <skipped/>
  </testcase> <!-- @AfterMethod closeBrowser -->
  <testcase classname="testPackage.TestActiTimeValidLogin" name="testActiTimeValidlogin" time="0.0">
    <skipped/>
  </testcase> <!-- testActiTimeValidlogin -->
  <testcase classname="testPackage.TestActiTimeInvalidLogin" name="testActiTimeInValidlogin" time="0.0">
    <skipped/>
  </testcase> <!-- testActiTimeInValidlogin -->
</testsuite> <!-- Test -->
